<?xml version="1.0" encoding="UTF-8"?>
<!-- Generated by org.testng.reporters.JUnitXMLReporter -->
<testsuite ignored="0" hostname="BRILAP1990" failures="0" tests="3" name="Test" time="111.27" errors="0" timestamp="21 Apr 2022 02:50:45 GMT">
  <testcase classname="script.ValidLogin_Test" name="testValidLogin" time="12.13"/>
  <testcase classname="script.InvalidLogin_Test" name="testInvalidLogin" time="34.511"/>
  <testcase classname="script.VerifyProductVersion_Test" name="testProductVerson" time="14.225"/>
</testsuite> <!-- Test -->
