<?xml version="1.0" encoding="UTF-8"?>
<testng-results ignored="0" total="3" passed="3" failed="0" skipped="0">
  <reporter-output>
    <line>
      <![CDATA[Actual tiltle is matching with the Expected tiltle]]>
    </line>
    <line>
      <![CDATA[testValidLogin is PASSED]]>
    </line>
    <line>
      <![CDATA[testInvalidLogin is PASSED]]>
    </line>
    <line>
      <![CDATA[Actual and Expected versions are same]]>
    </line>
    <line>
      <![CDATA[testProductVerson is PASSED]]>
    </line>
  </reporter-output>
  <suite started-at="2022-04-21T02:48:53Z" name="Suite" finished-at="2022-04-21T02:50:45Z" duration-ms="111270">
    <groups>
      <group name="smoke">
        <method signature="ValidLogin_Test.testValidLogin()[pri:1, instance:script.ValidLogin_Test@6f27a732]" name="testValidLogin" class="script.ValidLogin_Test"/>
        <method signature="VerifyProductVersion_Test.testProductVerson()[pri:3, instance:script.VerifyProductVersion_Test@6c779568]" name="testProductVerson" class="script.VerifyProductVersion_Test"/>
      </group> <!-- smoke -->
      <group name="login">
        <method signature="InvalidLogin_Test.testInvalidLogin()[pri:2, instance:script.InvalidLogin_Test@f381794]" name="testInvalidLogin" class="script.InvalidLogin_Test"/>
        <method signature="ValidLogin_Test.testValidLogin()[pri:1, instance:script.ValidLogin_Test@6f27a732]" name="testValidLogin" class="script.ValidLogin_Test"/>
      </group> <!-- login -->
    </groups>
    <test started-at="2022-04-21T02:48:53Z" name="Test" finished-at="2022-04-21T02:50:45Z" duration-ms="111270">
      <class name="script.InvalidLogin_Test">
        <test-method is-config="true" signature="openApp()[pri:0, instance:script.InvalidLogin_Test@f381794]" started-at="2022-04-21T08:19:24Z" name="openApp" finished-at="2022-04-21T08:19:39Z" duration-ms="14807" status="PASS">
          <reporter-output>
          </reporter-output>
        </test-method> <!-- openApp -->
        <test-method signature="testInvalidLogin()[pri:2, instance:script.InvalidLogin_Test@f381794]" started-at="2022-04-21T08:19:39Z" name="testInvalidLogin" finished-at="2022-04-21T08:20:13Z" duration-ms="34511" status="PASS">
          <reporter-output>
          </reporter-output>
        </test-method> <!-- testInvalidLogin -->
        <test-method is-config="true" signature="closeApp(org.testng.ITestResult)[pri:0, instance:script.InvalidLogin_Test@f381794]" started-at="2022-04-21T08:20:13Z" name="closeApp" finished-at="2022-04-21T08:20:15Z" duration-ms="1517" status="PASS">
          <params>
            <param index="0">
              <value>
                <![CDATA[[TestResult name=testInvalidLogin status=SUCCESS method=InvalidLogin_Test.testInvalidLogin()[pri:2, instance:script.InvalidLogin_Test@f381794] output={null}]]]>
              </value>
            </param>
          </params>
          <reporter-output>
            <line>
              <![CDATA[testInvalidLogin is PASSED]]>
            </line>
          </reporter-output>
        </test-method> <!-- closeApp -->
      </class> <!-- script.InvalidLogin_Test -->
      <class name="script.VerifyProductVersion_Test">
        <test-method is-config="true" signature="openApp()[pri:0, instance:script.VerifyProductVersion_Test@6c779568]" started-at="2022-04-21T08:20:15Z" name="openApp" finished-at="2022-04-21T08:20:29Z" duration-ms="14134" status="PASS">
          <reporter-output>
          </reporter-output>
        </test-method> <!-- openApp -->
        <test-method signature="testProductVerson()[pri:3, instance:script.VerifyProductVersion_Test@6c779568]" started-at="2022-04-21T08:20:29Z" name="testProductVerson" finished-at="2022-04-21T08:20:43Z" duration-ms="14225" status="PASS">
          <reporter-output>
            <line>
              <![CDATA[Actual and Expected versions are same]]>
            </line>
          </reporter-output>
        </test-method> <!-- testProductVerson -->
        <test-method is-config="true" signature="closeApp(org.testng.ITestResult)[pri:0, instance:script.VerifyProductVersion_Test@6c779568]" started-at="2022-04-21T08:20:43Z" name="closeApp" finished-at="2022-04-21T08:20:45Z" duration-ms="1586" status="PASS">
          <params>
            <param index="0">
              <value>
                <![CDATA[[TestResult name=testProductVerson status=SUCCESS method=VerifyProductVersion_Test.testProductVerson()[pri:3, instance:script.VerifyProductVersion_Test@6c779568] output=Actual and Expected versions are same]]]>
              </value>
            </param>
          </params>
          <reporter-output>
            <line>
              <![CDATA[testProductVerson is PASSED]]>
            </line>
          </reporter-output>
        </test-method> <!-- closeApp -->
      </class> <!-- script.VerifyProductVersion_Test -->
      <class name="script.ValidLogin_Test">
        <test-method is-config="true" signature="openApp()[pri:0, instance:script.ValidLogin_Test@6f27a732]" started-at="2022-04-21T08:18:53Z" name="openApp" finished-at="2022-04-21T08:19:10Z" duration-ms="16716" status="PASS">
          <reporter-output>
          </reporter-output>
        </test-method> <!-- openApp -->
        <test-method signature="testValidLogin()[pri:1, instance:script.ValidLogin_Test@6f27a732]" started-at="2022-04-21T08:19:10Z" name="testValidLogin" finished-at="2022-04-21T08:19:22Z" duration-ms="12130" status="PASS">
          <reporter-output>
            <line>
              <![CDATA[Actual tiltle is matching with the Expected tiltle]]>
            </line>
          </reporter-output>
        </test-method> <!-- testValidLogin -->
        <test-method is-config="true" signature="closeApp(org.testng.ITestResult)[pri:0, instance:script.ValidLogin_Test@6f27a732]" started-at="2022-04-21T08:19:22Z" name="closeApp" finished-at="2022-04-21T08:19:24Z" duration-ms="1603" status="PASS">
          <params>
            <param index="0">
              <value>
                <![CDATA[[TestResult name=testValidLogin status=SUCCESS method=ValidLogin_Test.testValidLogin()[pri:1, instance:script.ValidLogin_Test@6f27a732] output=Actual tiltle is matching with the Expected tiltle]]]>
              </value>
            </param>
          </params>
          <reporter-output>
            <line>
              <![CDATA[testValidLogin is PASSED]]>
            </line>
          </reporter-output>
        </test-method> <!-- closeApp -->
      </class> <!-- script.ValidLogin_Test -->
    </test> <!-- Test -->
  </suite> <!-- Suite -->
</testng-results>
